SF:lib/application/temperature_conversion_store.dart
DA:8,3
DA:10,1
DA:11,1
DA:13,2
DA:14,1
DA:15,1
DA:16,1
DA:18,2
LF:8
LH:8
end_of_record
SF:lib/domain/temperature/temperature.dart
DA:13,1
DA:19,1
DA:20,3
DA:22,2
DA:23,1
DA:24,1
DA:27,2
DA:28,5
DA:29,0
LF:9
LH:8
end_of_record
SF:lib/domain/temperature/temperature_value_objects.dart
DA:12,2
DA:17,2
DA:18,2
DA:25,2
DA:32,2
DA:33,2
DA:36,1
LF:7
LH:7
end_of_record
SF:lib/domain/core/value_objects.dart
DA:10,8
DA:12,1
DA:18,3
DA:21,0
DA:22,0
LF:5
LH:3
end_of_record
SF:lib/domain/core/value_transformers.dart
DA:11,3
DA:17,3
DA:19,3
DA:20,6
DA:21,3
DA:22,4
DA:23,3
DA:24,3
DA:26,2
DA:28,2
DA:29,4
DA:30,2
DA:31,4
DA:32,2
DA:33,2
DA:35,2
DA:37,2
DA:38,4
DA:39,2
DA:40,4
DA:41,2
DA:42,2
DA:47,3
DA:48,6
DA:50,6
DA:53,2
DA:54,2
DA:56,4
DA:59,2
DA:60,4
DA:62,4
DA:65,2
DA:66,4
DA:68,4
DA:71,2
DA:72,2
DA:74,4
DA:77,2
DA:79,6
DA:81,4
LF:40
LH:40
end_of_record
