SF:lib/application/temperature_conversion_store.dart
DA:8,3
DA:10,1
DA:11,2
DA:12,1
DA:13,2
DA:15,3
LF:6
LH:6
end_of_record
SF:lib/domain/temperature/temperature.dart
DA:12,1
DA:17,1
DA:18,3
DA:20,2
DA:21,1
DA:24,3
LF:6
LH:6
end_of_record
SF:lib/domain/temperature/temperature_value_objects.dart
DA:11,2
DA:16,2
DA:17,2
DA:24,2
LF:4
LH:4
end_of_record
SF:lib/domain/core/value_objects.dart
DA:10,8
DA:12,1
DA:18,3
LF:3
LH:3
end_of_record
SF:lib/domain/core/value_transformers.dart
DA:11,3
DA:17,3
DA:19,3
DA:20,6
DA:21,3
DA:22,4
DA:23,3
DA:24,3
DA:26,2
DA:28,2
DA:29,4
DA:30,2
DA:31,4
DA:32,2
DA:33,2
DA:35,2
DA:37,2
DA:38,4
DA:39,2
DA:40,4
DA:41,2
DA:42,2
DA:47,3
DA:48,6
DA:50,6
DA:53,2
DA:54,2
DA:59,2
DA:60,4
DA:62,2
DA:65,2
DA:66,4
DA:68,4
DA:71,2
DA:72,2
DA:77,2
DA:79,6
LF:37
LH:37
end_of_record
